<?xml version="1.0" encoding="UTF-8"?>
<!-- Generated by org.testng.reporters.JUnitReportReporter -->
<testsuite hostname="DESKTOP-KK06I4T" failures="0" tests="1" name="testNG.Sikuli" time="0.010" errors="0" timestamp="2022-04-15T16:58:56 IST" skipped="0">
  <testcase classname="testNG.Sikuli" name="s1" time="0.010"/>
  <system-out/>
</testsuite> <!-- testNG.Sikuli -->
